<?xml version="1.0" encoding="UTF-8"?>
<!-- Generated by org.testng.reporters.JUnitReportReporter -->
<testsuite skipped="0" hostname="DESKTOP-7EG2BCN" name="com.mercury.testcases.SignOnPageTest" tests="2" failures="0" timestamp="24 Dec 2019 01:41:49 GMT" time="12.262" errors="0">
  <testcase name="signOnPageTitleTest" time="5.970" classname="com.mercury.testcases.SignOnPageTest"/>
  <testcase name="verifyWelcomeTest" time="6.292" classname="com.mercury.testcases.SignOnPageTest"/>
</testsuite> <!-- com.mercury.testcases.SignOnPageTest -->
