<?xml version="1.0" encoding="UTF-8"?>
<!-- Generated by org.testng.reporters.JUnitReportReporter -->
<testsuite skipped="0" hostname="DESKTOP-7EG2BCN" name="com.mercury.testcases.HomePageTest" tests="2" failures="0" timestamp="24 Dec 2019 01:41:49 GMT" time="12.004" errors="0">
  <testcase name="loginPageTitleTest" time="4.570" classname="com.mercury.testcases.HomePageTest"/>
  <testcase name="loginTest" time="7.434" classname="com.mercury.testcases.HomePageTest"/>
</testsuite> <!-- com.mercury.testcases.HomePageTest -->
